[2025-07-30T06:12:57.616Z] POST /shorturls
[2025-07-30T06:12:57.616Z] POST /shorturls
[2025-07-30T06:13:03.081Z] GET /jK_BqUC5Q
[2025-07-30T06:13:03.081Z] GET /jK_BqUC5Q
[2025-07-30T06:13:15.716Z] GET /jK_BqUC5Q
[2025-07-30T06:13:15.716Z] GET /jK_BqUC5Q
[2025-07-30T06:16:38.514Z] POST /shorturls
[2025-07-30T06:16:38.515Z] POST /shorturls
[2025-07-30T06:16:51.043Z] POST /shorturls
[2025-07-30T06:16:51.043Z] POST /shorturls
[2025-07-30T06:16:56.163Z] POST /shorturls
[2025-07-30T06:16:56.163Z] POST /shorturls
[2025-07-30T06:16:59.578Z] GET /yGPSvwe7u
[2025-07-30T06:16:59.578Z] GET /yGPSvwe7u
[2025-07-30T06:31:51.391Z] POST /shorturls
[2025-07-30T06:31:51.392Z] POST /shorturls
[2025-07-30T06:31:57.120Z] GET /Y-gOGxBKJ
[2025-07-30T06:31:57.120Z] GET /Y-gOGxBKJ
[2025-07-30T06:36:03.991Z] POST /shorturls
[2025-07-30T06:36:03.992Z] POST /shorturls
[2025-07-30T06:36:07.303Z] GET /vZcxsx59c
[2025-07-30T06:36:07.303Z] GET /vZcxsx59c
[2025-07-30T06:49:02.613Z] GET /shorturls/https://blood-drop-project.vercel.app/
[2025-07-30T06:49:02.613Z] GET /shorturls/https://blood-drop-project.vercel.app/
[2025-07-30T06:49:10.503Z] GET /shorturls/https://blood-drop-project.vercel.app/
[2025-07-30T06:49:10.503Z] GET /shorturls/https://blood-drop-project.vercel.app/
[2025-07-30T06:58:30.910Z] GET /shorturls/vZcxsx59c
[2025-07-30T06:58:30.910Z] GET /shorturls/vZcxsx59c
[2025-07-30T07:21:39.773Z] SERVER http://localhost:5000
[2025-07-30T07:22:38.934Z] SERVER http://localhost:5000
[2025-07-30T07:22:53.503Z] SERVER http://localhost:5000
[2025-07-30T07:23:36.693Z] SERVER http://localhost:5000
[2025-07-30T07:24:13.540Z] SERVER http://localhost:5000
[2025-07-30T07:43:01.584Z] POST /shorturls
[2025-07-30T07:43:01.585Z] POST /shorturls
[2025-07-30T07:43:16.407Z] POST /shorturls
[2025-07-30T07:43:16.407Z] POST /shorturls
[2025-07-30T07:43:30.281Z] POST /shorturls
[2025-07-30T07:43:30.282Z] POST /shorturls
[2025-07-30T07:44:04.534Z] POST /shorturls
[2025-07-30T07:44:04.535Z] POST /shorturls
[2025-07-30T07:46:23.488Z] POST /shorturls
[2025-07-30T07:46:23.488Z] POST /shorturls
[2025-07-30T07:50:31.216Z] POST /shorturls
[2025-07-30T07:50:31.217Z] POST /shorturls
[2025-07-30T07:58:49.495Z] POST /shorturls
[2025-07-30T07:58:49.495Z] POST /shorturls
[2025-07-30T07:59:49.250Z] POST /shorturls
[2025-07-30T07:59:49.250Z] POST /shorturls
[2025-07-30T08:00:05.523Z] POST /shorturls
[2025-07-30T08:00:05.524Z] POST /shorturls
[2025-07-30T08:00:21.722Z] POST /shorturls
[2025-07-30T08:00:21.722Z] POST /shorturls
[2025-07-30T08:00:23.886Z] POST /shorturls
[2025-07-30T08:00:23.886Z] POST /shorturls
[2025-07-30T08:01:26.357Z] POST /shorturls
[2025-07-30T08:01:26.357Z] POST /shorturls
[2025-07-30T08:01:29.290Z] GET /wmeISnpwj
[2025-07-30T08:01:29.290Z] GET /wmeISnpwj
[2025-07-30T08:02:15.465Z] POST /shorturls
[2025-07-30T08:02:15.465Z] POST /shorturls
[2025-07-30T08:02:30.313Z] GET /shorturls/fSvdwflmq
[2025-07-30T08:02:30.313Z] GET /shorturls/fSvdwflmq
[2025-07-30T08:03:25.812Z] POST /shorturls
[2025-07-30T08:03:25.812Z] POST /shorturls
[2025-07-30T08:03:29.769Z] POST /shorturls
[2025-07-30T08:03:29.769Z] POST /shorturls
[2025-07-30T08:03:37.649Z] GET /UTEW1SV7U
[2025-07-30T08:03:37.649Z] GET /UTEW1SV7U
[2025-07-30T08:03:46.593Z] GET /shorturls
[2025-07-30T08:03:46.593Z] GET /shorturls
[2025-07-30T08:03:46.601Z] GET /shorturls
[2025-07-30T08:03:46.602Z] GET /shorturls
[2025-07-30T08:03:49.951Z] GET /shorturls
[2025-07-30T08:03:49.952Z] GET /shorturls
[2025-07-30T08:03:49.959Z] GET /shorturls
[2025-07-30T08:03:49.959Z] GET /shorturls
[2025-07-30T08:04:02.875Z] GET /shorturls/UTEW1SV7U
[2025-07-30T08:04:02.875Z] GET /shorturls/UTEW1SV7U
